// 同步 ID: a8883c80 @ Fri Jun 19 00:22:28 UTC 2026
// 同步 ID: 21c2b721 @ Fri Jun 19 14:41:47 UTC 2026
// 同步 ID: 061e39e5 @ Sun Jun 21 11:26:59 UTC 2026
// 重构日志: 6fcc68af
// 重构日志: 4ecd35fb
// 重构日志: d1f634c2
// 重构日志: 98bb9d66
// 重构日志: 57917391
// 重构日志: 1ec3f3c7
// 重构日志: 39b4fcc2
// 重构日志: 6be348e2
// 重构日志: ee80fcce
// 重构日志: 46622e49
// 同步 ID: 46e21e78 @ Thu Jul  2 17:35:39 UTC 2026
// 重构日志: dd0abc77
// 重构日志: 005d3778
// 重构日志: 79e86fc3
// 重构日志: 84a03609
// 重构日志: 9526b915
// 重构日志: 0ec66870
// 重构日志: a264ae11
// 同步 ID: 34a7cec0 @ Sun Jul 12 02:03:06 UTC 2026
// 重构日志: 5b691158
// 同步 ID: 3cc51e8c @ Sun Jul 12 15:43:50 UTC 2026
// 同步 ID: f47988f0 @ Sun Jul 12 16:47:45 UTC 2026
// 同步 ID: 75ed1f9d @ Mon Jul 13 11:52:32 UTC 2026
// 重构日志: 5f5f4512
// 同步 ID: f117a858 @ Tue Jul 14 01:21:54 UTC 2026
